[General]
FirstMinTempSavedOn=42403
[HDR]
ST3250820A (238472 MB)_9QE7VM77=153
WDC WD2500JS-55NCB1 (228196 MB)_WD-WCANK4952529=13
SAMSUNG HD322HJ (305242 MB)_S1KYJ9AS800481=2
KINGSTON SUV400S37480G (457860 MB)_50026B7267073D45=33546
TOSHIBA MQ01UBD100 (953867 MB)_74GDTDPAT=12273
ST1000LM035-1RK172 (953867 MB)_WCB1FJQ1=62619
SAMSUNG HM321HX (305242 MB)_33601G12AACVWB=24501
TOSHIBA External USB 3.0 (953867 MB)_SERIAL2=7431
ST1000LM035-1RK172 (953867 MB)_ZDE274CE=1712
[Sta_ST3250820A (238472 MB)_9QE7VM77]
42403=33,33.00,6,57,33
MaxTempEverC=33
MaxTempEverCFound=42403.47679,2016-02-03 오전 11:26:34
MinTempEverC=33
MinTempEverCFound=42403.47679,2016-02-03 오전 11:26:34
MaxTempByDriveC=61
Dates=42403
[HDW]
WDC WD2500JS-55NCB1 (228196 MB)_WD-WCANK4952529=16
SAMSUNG HD322HJ (305242 MB)_S1KYJ9AS800481=3
KINGSTON SUV400S37480G (457860 MB)_50026B7267073D45=14122
ST1000LM035-1RK172 (953867 MB)_WCB1FJQ1=57678
SAMSUNG HM321HX (305242 MB)_33601G12AACVWB=4325
ST1000LM035-1RK172 (953867 MB)_ZDE274CE=63419
[Sta_WDC WD2500JS-55NCB1 (228196 MB)_WD-WCANK4952529]
42403=31,31.00,6,57,31
MaxTempEverC=31
MaxTempEverCFound=42403.47679,2016-02-03 오전 11:26:34
MinTempEverC=31
MinTempEverCFound=42403.47679,2016-02-03 오전 11:26:34
MaxTempByDriveC=66
Dates=42403
[CurrentDrives]
DriveList=#0: KINGSTON SUV400S37480G / 50026B7267073D45 (457860 MB)	#1: ST1000LM035-1RK172 / WCB1FJQ1 (953867 MB)	#2: ST1000LM035-1RK172 / ZDE274CE (953867 MB)
[Sta_SAMSUNG HD322HJ (305242 MB)_S1KYJ9AS800481]
42693=28,28.00,1,97,0
MaxTempEverC=28
MaxTempEverCFound=42693.57856,2016-11-19 오후 1:53:07
MinTempEverC=28
MinTempEverCFound=42693.57856,2016-11-19 오후 1:53:07
MaxTempByDriveC=46
Dates=42693
[Sta_WDC WD5000AAKS-00A7B2 (476937 MB)_WD-WCASYF086026]
42693=34,34.00,1,100,0
MaxTempEverC=34
MaxTempEverCFound=42693.57856,2016-11-19 오후 1:53:07
MinTempEverC=34
MinTempEverCFound=42693.57856,2016-11-19 오후 1:53:07
MaxTempByDriveC=51
Dates=42693
[Sta_KINGSTON SUV400S37480G (457860 MB)_50026B7267073D45]
42707=25,23.67,3,100,22
MaxTempEverC=36
MaxTempEverCFound=42943.67183,2017-07-27 오후 4:07:26
MinTempEverC=18
MinTempEverCFound=42714.58465,2016-12-10 오후 2:01:53
MaxTempByDriveC=41
Dates=42707,42708,42709,42710,42712,42714,42715,42718,42737,42738,42739,42742,42747,42916,42922,42943,42946,43268
42708=24,24.00,1,100,0
42709=30,26.94,10,100,27
42710=23,23.00,3,100,23
42712=32,32.00,1,100,0
42714=18,18.00,1,100,0
42715=24,24.00,1,100,0
42718=31,31.00,1,100,0
42737=29,28.39,9,100,28
42738=27,23.56,8,100,20
42739=27,27.33,1,100,0
42742=25,23.38,21,100,22
42747=28,27.59,22,100,27
42916=35,34.09,11,100,34
42922=34,34.00,4,100,34
42943=36,36.00,3,100,36
42946=36,35.36,9,100,34
43268=33,33.00,1,100,0
[Sta_ST1000LM035-1RK172 (953867 MB)_WCB1FJQ1]
42707=23,21.67,3,100,20
MaxTempEverC=45
MaxTempEverCFound=42946.62858,2017-07-30 오후 3:05:09
MinTempEverC=18
MinTempEverCFound=42714.58465,2016-12-10 오후 2:01:53
MaxTempByDriveC=47
Dates=42707,42708,42709,42710,42712,42714,42715,42718,42737,42738,42739,42742,42747,42916,42922,42943,42946,43268
42708=23,23.00,1,100,0
42709=27,24.75,10,100,25
42710=23,22.33,3,100,22
42712=31,31.00,1,100,0
42714=18,18.00,1,100,0
42715=22,22.00,1,100,0
42718=30,30.00,1,100,0
42737=34,32.06,9,100,29
42738=33,26.38,8,100,19
42739=28,27.33,1,100,0
42742=22,21.09,21,100,20
42747=34,32.23,22,100,34
42916=35,32.24,11,100,32
42922=32,32.00,4,100,32
42943=38,37.33,3,100,37
42946=45,42.49,9,100,31
43268=31,31.00,1,100,0
[Sta_TOSHIBA MQ01UBD100 (953867 MB)_74GDTDPAT]
42710=18,18.00,1,100,0
MaxTempEverC=47
MaxTempEverCFound=42916.66695,2017-06-30 오후 4:00:24
MinTempEverC=17
MinTempEverCFound=42742.67772,2017-01-07 오후 4:15:55
MaxTempByDriveC=58
Dates=42710,42742,42916,42943
42742=23,20.00,3,100,17
42916=47,45.93,10,9,42
42943=37,34.67,3,9,31
[Sta_SAMSUNG HM321HX (305242 MB)_33601G12AACVWB]
42737=39,36.94,9,86,36
MaxTempEverC=52
MaxTempEverCFound=42946.63219,2017-07-30 오후 3:10:21
MinTempEverC=19
MinTempEverCFound=42738.41672,2017-01-03 오전 10:00:04
MaxTempByDriveC=52
Dates=42737,42738,42739,42916,42946
42738=38,28.63,8,52,19
42739=30,30.00,1,52,0
42916=47,43.00,11,52,33
42946=52,45.44,9,52,35
[Sta_TOSHIBA External USB 3.0 (953867 MB)_SERIAL2]
42916=47,45.93,1,9,0
MaxTempEverC=-1
MaxTempEverCFound=0.00000,1899-12-30 오전 12:00:00
MinTempEverC=-1
MinTempEverCFound=0.00000,1899-12-30 오전 12:00:00
MaxTempByDriveC=-1
Dates=42916
[Sta_ST1000LM035-1RK172 (953867 MB)_ZDE274CE]
42946=42,38.31,9,100,29
MaxTempEverC=42
MaxTempEverCFound=42946.63206,2017-07-30 오후 3:10:09
MinTempEverC=29
MinTempEverCFound=42946.59325,2017-07-30 오후 2:14:16
MaxTempByDriveC=52
Dates=42946,43268
43268=35,35.00,1,100,0
